<?xml version="1.0" encoding="UTF-8"?>
<testng-results skipped="0" failed="0" ignored="0" total="1" passed="1">
  <reporter-output>
  </reporter-output>
  <suite name="Default suite" duration-ms="39" started-at="2019-07-28T14:08:55Z" finished-at="2019-07-28T14:08:55Z">
    <groups>
    </groups>
    <test name="Default test" duration-ms="39" started-at="2019-07-28T14:08:55Z" finished-at="2019-07-28T14:08:55Z">
      <class name="Test.NewTest">
        <test-method status="PASS" signature="f()[pri:0, instance:Test.NewTest@11276c2]" name="f" duration-ms="14" started-at="2019-07-28T14:08:55Z" finished-at="2019-07-28T14:08:55Z">
          <reporter-output>
          </reporter-output>
        </test-method> <!-- f -->
      </class> <!-- Test.NewTest -->
    </test> <!-- Default test -->
  </suite> <!-- Default suite -->
</testng-results>
